ddG: description total fa_atr fa_rep fa_sol fa_intra_rep fa_intra_sol_xover4 lk_ball_wtd fa_elec pro_close hbond_sr_bb hbond_lr_bb hbond_bb_sc hbond_sc dslf_fa13 omega fa_dun p_aa_pp yhh_planarity ref rama_prepro 
ddG: N37L    -3.333    -1.817     1.260    -5.616     0.016    -0.260     0.040     1.510     0.000     0.187     0.048    -0.038     0.059     0.000     0.015    -2.415     0.434    -0.025     3.002     0.268 

ddG: Y45L     3.543     6.462     0.109    -5.582    -0.001    -0.624     0.266     2.565     0.000     0.013    -0.104    -0.021     1.524     0.000     0.455    -2.935     0.344    -0.075     1.079     0.067 

ddG: T16I    -0.420    -2.781     1.558    -2.883     0.009     0.090    -0.140     1.295     0.000    -0.203    -0.007     1.257    -0.014     0.000    -0.741     0.280     0.181    -0.011     1.152     0.539 

ddG: T18I     1.066    -4.499     3.561    -2.934     0.018     0.039    -0.006     1.668     0.000    -0.036    -0.029     1.017    -0.001     0.000    -0.900     0.940     0.960     0.017     1.152     0.098 

ddG: V21P    -2.078    -0.512     0.477     0.426    -0.011     0.029    -0.291     1.685     0.063     0.085     0.033     0.853     0.040     0.000    -1.024     0.313    -0.104     0.004    -4.286     0.143 

ddG: T44S     2.822     2.027    -0.044    -1.081    -0.005    -0.043     0.333     1.374     0.000     0.028    -0.038    -0.019     1.234     0.000     0.272    -0.196     0.062    -0.004    -1.441     0.364 

ddG: A24T     0.368    -1.510    -0.001     1.651     0.015     0.061    -0.403     0.036     0.000    -0.175     0.042    -0.044     0.052     0.000     0.044     0.089     0.282     0.003    -0.173     0.400 

ddG: A24P     4.471     0.284     3.283    -2.794     0.002     0.166     0.463     2.032     0.204    -0.048    -0.033     1.097    -0.008     0.000    -0.216    -0.503     0.668     0.010    -2.968     2.832 

ddG: T44Y    -1.480    -2.869     0.662    -0.118     0.012     0.167     0.341    -0.895     0.000    -0.006    -0.321    -0.068     0.509     0.000     0.010     1.236     0.212     0.224    -0.570    -0.007 

ddG: T44Q     4.404     3.939    -0.725    -4.145     0.002     0.293     0.724     3.798     0.000     0.008    -0.341     0.766     1.255     0.000    -0.926     1.656     0.460    -0.004    -2.603     0.248 

ddG: T44I     2.738    -1.777     1.649    -2.268     0.026     0.056     0.377     0.830     0.000     0.024    -0.042     0.025     1.269     0.000     0.044     0.701     0.533    -0.004     1.152     0.142 

ddG: T44A     4.516     6.357    -0.959    -7.451    -0.006    -0.025     1.225     4.047     0.000    -0.012    -0.263     0.796     1.267     0.000    -0.499    -0.915     0.152    -0.009     0.173     0.636 

ddG: T44H     0.284    -2.163     0.215     1.373    -0.003     0.347    -0.320     0.017     0.000    -0.002    -0.327    -0.064     1.257     0.000     0.043     1.143     0.151    -0.004    -1.452     0.074 

ddG: T44M     3.265    -3.918     1.461    -1.264     0.012     0.135     0.095     1.099     0.000     0.034    -0.111     0.079     1.270     0.000     0.408     2.479     0.436    -0.014     0.506     0.558 

ddG: T53K     0.989    -0.789     0.399    -1.452     0.019     0.133     0.122     1.167     0.000    -0.022    -0.370    -0.018     1.261     0.000     0.386     1.060     0.662    -0.020    -1.866     0.317 

ddG: Y3L     9.830     7.424     1.816    -5.690     0.001    -0.345     0.634     1.580     0.000     0.545     0.276     0.832     0.100     0.000     1.719    -0.821     0.577    -0.031     1.079     0.134 

ddG: I6N     5.114     1.443     0.352     3.511    -0.014     0.206    -0.616     0.357     0.000     0.009     0.023    -0.025    -0.049     0.000     0.361     1.390     1.138    -0.009    -3.644     0.679 

ddG: I6A     4.907     5.022    -0.337    -1.828    -0.017    -0.076     0.315     0.308     0.000    -0.015     0.130    -0.048     0.008     0.000     0.260    -0.216     1.280     0.000    -0.979     1.100 

ddG: G9P     5.395    -7.746     7.715     0.517     0.013     0.224    -0.760     3.383     0.587     0.891     0.086     0.830    -0.021     0.000    -0.376     0.230     0.236    -0.018    -2.441     2.045 

ddG: T25P    11.007    -2.498     9.079    -0.832     0.003    -0.024    -0.052     1.254     0.533     0.480     0.013     0.855     0.052     0.000    -0.055     0.763     1.605    -0.006    -2.795     2.629 

